00:00:00.000417 main     VirtualBox COM Server 6.1.2 r135662 win.amd64 (Jan 13 2020 10:54:25) release log
00:00:00.000420 main     Log opened 2021-02-03T07:33:27.351888900Z
00:00:00.000421 main     Build Type: release
00:00:00.000425 main     OS Product: Windows 10
00:00:00.000427 main     OS Release: 10.0.18363
00:00:00.000428 main     OS Service Pack: 
00:00:00.124867 main     DMI Product Name: TravelMate P614-51T
00:00:00.143778 main     DMI Product Version: V1.01
00:00:00.143817 main     Firmware type: UEFI
00:00:00.145076 main     Secure Boot: Enabled
00:00:00.145094 main     Host RAM: 16186MB (15.8GB) total, 11002MB (10.7GB) available
00:00:00.145100 main     Executable: C:\D\VirtualBox_QT_VM_Portabel\App\VirtualBox\VBoxSVC.exe
00:00:00.145101 main     Process ID: 10396
00:00:00.145102 main     Package type: WINDOWS_64BITS_GENERIC
00:00:00.356883          VirtualBox: object creation starts
00:00:00.357065          Home directory: 'C:\D\VirtualBox_QT_VM_Portabel\Data\VirtualBox'
00:00:00.357180          Installed Drivers:
00:00:00.361277            C:\WINDOWS\system32\DRIVERS\VBoxNetLwf.sys (Version: 6.1.2.35662)
00:00:00.370860            C:\D\VirtualBox_QT_VM_Portabel\App\VirtualBox\drivers\vboxdrv\VBoxDrv.sys (Version: 6.1.2.35662)
00:00:00.371623            C:\D\VirtualBox_QT_VM_Portabel\App\VirtualBox\drivers\USB\filter\VBoxUSBMon.sys (Version: 6.1.2.35662)
00:00:00.372059          Loading settings file "C:\D\VirtualBox_QT_VM_Portabel\Data\VirtualBox\VirtualBox.xml" with version "1.12-windows"
00:00:00.381774          usbLibGetDevices: Starting USB device enumeration
00:00:00.386129          Getting USB descriptor (id 0) failed (dwErr=31) on hub USB#ROOT_HUB30#4&2d90d4a0&0&0#{f18a0e88-c30c-11d0-8815-00a0c906bed8} port 5
00:00:00.386209          Getting USB descriptor (id 0) failed (dwErr=31) on hub USB#ROOT_HUB30#4&2d90d4a0&0&0#{f18a0e88-c30c-11d0-8815-00a0c906bed8} port 6
00:00:00.386291          Getting USB descriptor (id 0) failed (dwErr=31) on hub USB#ROOT_HUB30#4&2d90d4a0&0&0#{f18a0e88-c30c-11d0-8815-00a0c906bed8} port 7
00:00:00.386372          Getting USB descriptor (id 0) failed (dwErr=31) on hub USB#ROOT_HUB30#4&2d90d4a0&0&0#{f18a0e88-c30c-11d0-8815-00a0c906bed8} port 10
00:00:02.312842          usbLibGetDevices: Found 7 USB devices, 0 captured
00:00:02.314012          USB: Unknown USB device detected (idVendor: 0x0000, idProduct: 0x3825)
00:00:02.315466          USB: Unknown USB device detected (idVendor: 0x0408, idProduct: 0xa061)
00:00:02.318179          USB: Unknown USB device detected (idVendor: 0x1c7a, idProduct: 0x057a)
00:00:02.318346          USB: Unknown USB device detected (idVendor: 0x8087, idProduct: 0x0aaa)
00:00:03.654539          HostDnsMonitor: initializing
00:00:03.820020          HostDnsMonitor: updating information
00:00:03.820844          HostDnsMonitor: old information
00:00:03.820855            no server entries
00:00:03.820866            no domain set
00:00:03.820871            no search string entries
00:00:03.820879          HostDnsMonitor: new information
00:00:03.820884            server 1: 192.168.0.1
00:00:03.820895            domain: Dlink
00:00:03.820902            no search string entries
00:00:05.662852          VD: VDInit finished with VINF_SUCCESS
00:00:05.833215          Loading settings file "C:\D\VirtualBox_QT_VM_Portabel\VmS\QT\QT.vbox" with version "1.15-windows"
00:00:05.979455          OCI: Local config file 'C:\D\VirtualBox_QT_VM_Portabel\Data\VirtualBox\oci_config' does not exist
00:00:05.979722          OCI: Original config file 'C:\Users\SibNout2020\.oci\config' does not exist
00:00:05.979724          OCI: Reading profiles finished with status ERROR_SUCCESS
00:00:05.979743          ExtPack: Created cloud provider 'OCI' (hrc=ERROR_SUCCESS)
00:00:06.152685          VirtualBox: object created
00:00:15.507420          Launched VM: 63276768 pid: 2664 (0xa68) frontend: GUI/Qt name: QT
00:00:24.806228          Load [C:\D\VirtualBox_QT_VM_Portabel\App\VirtualBox\ExtensionPacks\Oracle_VM_VirtualBox_Extension_Pack\win.amd64\VBoxHostWebcam.DLL] vrc=VINF_SUCCESS
00:00:26.975940          ERROR [COM]: aRC=VBOX_E_IPRT_ERROR (0x80bb0005) aIID={85632c68-b5bb-4316-a900-5eb28d3413df} aComponent={SessionMachine} aText={Saved screenshot data is not available (VERR_NOT_SUPPORTED)}, preserve=false aResultDetail=-37
00:00:57.432881 USBPROXY usbLibGetDevices: Starting USB device enumeration
00:00:57.437294 USBPROXY Getting USB descriptor (id 0) failed (dwErr=31) on hub USB#ROOT_HUB30#4&2d90d4a0&0&0#{f18a0e88-c30c-11d0-8815-00a0c906bed8} port 3
00:00:57.437355 USBPROXY Getting USB descriptor (id 0) failed (dwErr=31) on hub USB#ROOT_HUB30#4&2d90d4a0&0&0#{f18a0e88-c30c-11d0-8815-00a0c906bed8} port 5
00:00:57.437405 USBPROXY Getting USB descriptor (id 0) failed (dwErr=31) on hub USB#ROOT_HUB30#4&2d90d4a0&0&0#{f18a0e88-c30c-11d0-8815-00a0c906bed8} port 6
00:00:57.437458 USBPROXY Getting USB descriptor (id 0) failed (dwErr=31) on hub USB#ROOT_HUB30#4&2d90d4a0&0&0#{f18a0e88-c30c-11d0-8815-00a0c906bed8} port 7
00:00:57.437512 USBPROXY Getting USB descriptor (id 0) failed (dwErr=31) on hub USB#ROOT_HUB30#4&2d90d4a0&0&0#{f18a0e88-c30c-11d0-8815-00a0c906bed8} port 10
00:00:59.343799 USBPROXY usbLibGetDevices: Found 7 USB devices, 0 captured
00:01:55.559126          Saving settings file "C:\D\VirtualBox_QT_VM_Portabel\VmS\QT\QT.vbox" with version "1.15-windows"
00:01:55.574792          Saving settings file "C:\D\VirtualBox_QT_VM_Portabel\VmS\QT\QT.vbox" with version "1.15-windows"
00:01:57.141532          Saving settings file "C:\D\VirtualBox_QT_VM_Portabel\Data\VirtualBox\VirtualBox.xml" with version "1.12-windows"
00:01:57.194009          Saving settings file "C:\D\VirtualBox_QT_VM_Portabel\Data\VirtualBox\VirtualBox.xml" with version "1.12-windows"
00:02:02.800411 main     VirtualBox: object deletion starts
00:02:02.800832 main     ERROR [COM]: aRC=VBOX_E_OBJECT_IN_USE (0x80bb000c) aIID={ad47ad09-787b-44ab-b343-a082a3f2dfb1} aComponent={MediumWrap} aText={Medium 'C:\D\VirtualBox_QT_VM_Portabel\VmS\QT\QT.vdi' cannot be closed because it is still attached to 1 virtual machines}, preserve=false aResultDetail=0
00:02:02.807050 main     HostDnsMonitor: shutting down ...
00:02:02.807336 main     HostDnsMonitor: shut down
00:02:02.830405 Watcher  ERROR [COM]: aRC=E_ACCESSDENIED (0x80070005) aIID={d0a0163f-e254-4e5b-a1f2-011cf991c38d} aComponent={VirtualBoxWrap} aText={The object is not ready}, preserve=false aResultDetail=0
00:02:02.832014 main     VirtualBox: object deleted
